  Building Custom Rule D:/v1.5/v1.5/Libs/PolyHook/asmtk/CMakeLists.txt
  archtraits.cpp
  assembler.cpp
  builder.cpp
  codeholder.cpp
  codewriter.cpp
  compiler.cpp
  constpool.cpp
  cpuinfo.cpp
  emithelper.cpp
  emitter.cpp
  emitterutils.cpp
  environment.cpp
  errorhandler.cpp
  formatter.cpp
  func.cpp
  funcargscontext.cpp
  globals.cpp
  inst.cpp
  jitallocator.cpp
  jitruntime.cpp
  logger.cpp
  operand.cpp
  osutils.cpp
  ralocal.cpp
  rapass.cpp
  rastack.cpp
  string.cpp
  support.cpp
  target.cpp
  type.cpp
  virtmem.cpp
  zone.cpp
  zonehash.cpp
  zonelist.cpp
  zonestack.cpp
  zonetree.cpp
  zonevector.cpp
  armformatter.cpp
  a64assembler.cpp
  a64builder.cpp
  a64compiler.cpp
  a64emithelper.cpp
  a64formatter.cpp
  a64func.cpp
  a64instapi.cpp
  a64instdb.cpp
  a64operand.cpp
  a64rapass.cpp
  x86assembler.cpp
  x86builder.cpp
  x86compiler.cpp
  x86emithelper.cpp
  x86formatter.cpp
  x86func.cpp
  x86instdb.cpp
  x86instapi.cpp
  x86operand.cpp
  x86rapass.cpp
  asmjit.vcxproj -> D:\v1.5\v1.5\Libs\PolyHook\build32\asmtk\MinSizeRel\asmjit.lib
